[Thu Oct 26 2017 15:21:15 GMT+0800 (中国标准时间)]/
Error: an error ....
    at H:\Microblog\routes\index.js:14:11
    at Layer.handle [as handle_request] (H:\Microblog\node_modules\_express@4.15.5@express\lib\router\layer.js:95:5)
    at next (H:\Microblog\node_modules\_express@4.15.5@express\lib\router\route.js:137:13)
    at Route.dispatch (H:\Microblog\node_modules\_express@4.15.5@express\lib\router\route.js:112:3)
    at Layer.handle [as handle_request] (H:\Microblog\node_modules\_express@4.15.5@express\lib\router\layer.js:95:5)
    at H:\Microblog\node_modules\_express@4.15.5@express\lib\router\index.js:281:22
    at Function.process_params (H:\Microblog\node_modules\_express@4.15.5@express\lib\router\index.js:335:12)
    at next (H:\Microblog\node_modules\_express@4.15.5@express\lib\router\index.js:275:10)
    at Function.handle (H:\Microblog\node_modules\_express@4.15.5@express\lib\router\index.js:174:3)
    at router (H:\Microblog\node_modules\_express@4.15.5@express\lib\router\index.js:47:12)
[Thu Oct 26 2017 15:22:17 GMT+0800 (中国标准时间)]
url:/
Error: an error ....
    at H:\Microblog\routes\index.js:14:11
    at Layer.handle [as handle_request] (H:\Microblog\node_modules\_express@4.15.5@express\lib\router\layer.js:95:5)
    at next (H:\Microblog\node_modules\_express@4.15.5@express\lib\router\route.js:137:13)
    at Route.dispatch (H:\Microblog\node_modules\_express@4.15.5@express\lib\router\route.js:112:3)
    at Layer.handle [as handle_request] (H:\Microblog\node_modules\_express@4.15.5@express\lib\router\layer.js:95:5)
    at H:\Microblog\node_modules\_express@4.15.5@express\lib\router\index.js:281:22
    at Function.process_params (H:\Microblog\node_modules\_express@4.15.5@express\lib\router\index.js:335:12)
    at next (H:\Microblog\node_modules\_express@4.15.5@express\lib\router\index.js:275:10)
    at Function.handle (H:\Microblog\node_modules\_express@4.15.5@express\lib\router\index.js:174:3)
    at router (H:\Microblog\node_modules\_express@4.15.5@express\lib\router\index.js:47:12)
[Thu Oct 26 2017 16:54:55 GMT+0800 (中国标准时间)]
url:/
Error: an error ....
    at H:\Microblog\routes\index.js:14:11
    at Layer.handle [as handle_request] (H:\Microblog\node_modules\_express@4.15.5@express\lib\router\layer.js:95:5)
    at next (H:\Microblog\node_modules\_express@4.15.5@express\lib\router\route.js:137:13)
    at Route.dispatch (H:\Microblog\node_modules\_express@4.15.5@express\lib\router\route.js:112:3)
    at Layer.handle [as handle_request] (H:\Microblog\node_modules\_express@4.15.5@express\lib\router\layer.js:95:5)
    at H:\Microblog\node_modules\_express@4.15.5@express\lib\router\index.js:281:22
    at Function.process_params (H:\Microblog\node_modules\_express@4.15.5@express\lib\router\index.js:335:12)
    at next (H:\Microblog\node_modules\_express@4.15.5@express\lib\router\index.js:275:10)
    at Function.handle (H:\Microblog\node_modules\_express@4.15.5@express\lib\router\index.js:174:3)
    at router (H:\Microblog\node_modules\_express@4.15.5@express\lib\router\index.js:47:12)
